2025-08-27 21:06:08,350 INFO 62702 [egg-schedule]: register schedule /Users/ali/rider-collect/backend/node_modules/egg-multipart/app/schedule/clean_tmpdir.js
2025-08-27 21:06:08,350 INFO 62702 [egg-schedule]: register schedule /Users/ali/rider-collect/backend/node_modules/egg-logrotator/app/schedule/clean_log.js
2025-08-27 21:06:08,350 INFO 62702 [egg-schedule]: register schedule /Users/ali/rider-collect/backend/node_modules/egg-logrotator/app/schedule/rotate_by_file.js
2025-08-27 21:12:48,479 INFO 66909 [egg-schedule]: register schedule /Users/ali/rider-collect/backend/node_modules/egg-multipart/app/schedule/clean_tmpdir.js
2025-08-27 21:12:48,479 INFO 66909 [egg-schedule]: register schedule /Users/ali/rider-collect/backend/node_modules/egg-logrotator/app/schedule/clean_log.js
2025-08-27 21:12:48,479 INFO 66909 [egg-schedule]: register schedule /Users/ali/rider-collect/backend/node_modules/egg-logrotator/app/schedule/rotate_by_file.js
2025-08-27 21:16:02,174 INFO 69501 [egg-schedule]: register schedule /Users/ali/rider-collect/backend/node_modules/egg-multipart/app/schedule/clean_tmpdir.js
2025-08-27 21:16:02,174 INFO 69501 [egg-schedule]: register schedule /Users/ali/rider-collect/backend/node_modules/egg-logrotator/app/schedule/clean_log.js
2025-08-27 21:16:02,174 INFO 69501 [egg-schedule]: register schedule /Users/ali/rider-collect/backend/node_modules/egg-logrotator/app/schedule/rotate_by_file.js
2025-08-27 21:16:03,578 INFO 69477 [Timer] /Users/ali/rider-collect/backend/node_modules/egg-multipart/app/schedule/clean_tmpdir.js next time will execute after 26036426ms at 2025-08-28 04:30:00.004
2025-08-27 21:16:03,579 INFO 69477 [Timer] /Users/ali/rider-collect/backend/node_modules/egg-logrotator/app/schedule/clean_log.js next time will execute after 9836422ms at 2025-08-28 00:00:00.001
2025-08-27 21:16:03,579 INFO 69477 [Timer] /Users/ali/rider-collect/backend/node_modules/egg-logrotator/app/schedule/rotate_by_file.js next time will execute after 9837421ms at 2025-08-28 00:00:01.000
2025-08-27 21:18:08,682 INFO 71264 [egg-schedule]: register schedule /Users/ali/rider-collect/backend/node_modules/egg-multipart/app/schedule/clean_tmpdir.js
2025-08-27 21:18:08,682 INFO 71264 [egg-schedule]: register schedule /Users/ali/rider-collect/backend/node_modules/egg-logrotator/app/schedule/clean_log.js
2025-08-27 21:18:08,682 INFO 71264 [egg-schedule]: register schedule /Users/ali/rider-collect/backend/node_modules/egg-logrotator/app/schedule/rotate_by_file.js
2025-08-27 21:22:54,570 INFO 74752 [egg-schedule]: register schedule /Users/ali/rider-collect/backend/node_modules/egg-multipart/app/schedule/clean_tmpdir.js
2025-08-27 21:22:54,570 INFO 74752 [egg-schedule]: register schedule /Users/ali/rider-collect/backend/node_modules/egg-logrotator/app/schedule/clean_log.js
2025-08-27 21:22:54,570 INFO 74752 [egg-schedule]: register schedule /Users/ali/rider-collect/backend/node_modules/egg-logrotator/app/schedule/rotate_by_file.js
2025-08-27 21:22:54,885 INFO 74735 [Timer] /Users/ali/rider-collect/backend/node_modules/egg-multipart/app/schedule/clean_tmpdir.js next time will execute after 25625117ms at 2025-08-28 04:30:00.002
2025-08-27 21:22:54,885 INFO 74735 [Timer] /Users/ali/rider-collect/backend/node_modules/egg-logrotator/app/schedule/clean_log.js next time will execute after 9425115ms at 2025-08-28 00:00:00.000
2025-08-27 21:22:54,885 INFO 74735 [Timer] /Users/ali/rider-collect/backend/node_modules/egg-logrotator/app/schedule/rotate_by_file.js next time will execute after 9426115ms at 2025-08-28 00:00:01.000
