2025-08-27 21:06:08,276 INFO 62702 [egg:logger] init all loggers with options: {"dir":"/Users/ali/rider-collect/backend/logs/rider-collect-backend","encoding":"utf8","env":"local","level":"INFO","consoleLevel":"INFO","disableConsoleAfterReady":false,"outputJSON":false,"buffer":true,"appLogName":"rider-collect-backend-web.log","coreLogName":"egg-web.log","agentLogName":"egg-agent.log","errorLogName":"common-error.log","coreLogger":{"consoleLevel":"WARN"},"allowDebugAtProd":false,"enablePerformanceTimer":false,"enableFastContextLogger":false,"type":"application","localStorage":{"enabled":false}}
2025-08-27 21:06:08,276 INFO 62702 [egg-multipart] stream mode enable
2025-08-27 21:06:08,351 INFO 62702 [egg-mysql] connecting root@127.0.0.1:3306/rider_collect
2025-08-27 21:06:08,669 INFO 62702 [egg-static] starting static serve /public/ -> /Users/ali/rider-collect/backend/app/public
2025-08-27 21:06:08,674 INFO 62702 [egg-security] use methodnoallow middleware
2025-08-27 21:06:08,675 INFO 62702 [egg-security] use noopen middleware
2025-08-27 21:06:08,682 INFO 62702 [egg-security] use nosniff middleware
2025-08-27 21:06:08,683 INFO 62702 [egg-security] use xssProtection middleware
2025-08-27 21:06:08,683 INFO 62702 [egg-security] use xframe middleware
2025-08-27 21:06:08,684 INFO 62702 [egg-security] use dta middleware
2025-08-27 21:06:08,684 INFO 62702 [egg-security] compose 6 middlewares into one security middleware
2025-08-27 21:06:08,703 INFO 62702 [egg:core] dump config after load, 10ms
2025-08-27 21:06:08,729 INFO 62702 [egg-watcher:application] watcher start success
2025-08-27 21:06:08,750 INFO 62702 egg start timeline:
▇▇▇▇▇▇▇▇▇▇▇▇▇▇▇▇▇▇ [398ms] - #0 Process Start
                  ▇▇▇▇▇▇▇▇▇▇▇▇▇▇▇▇▇▇▇▇▇▇▇▇▇▇▇▇▇▇▇ [700ms] - #1 Application Start
                    ▇ [23ms] - #2 Load Plugin
                     ▇ [25ms] - #3 Load Config
                     ▇ [0ms] - #4 Require(0) config/config.default.js
                     ▇ [1ms] - #5 Require(1) node_modules/egg-session/config/config.default.js
                     ▇ [0ms] - #6 Require(2) node_modules/egg-security/config/config.default.js
                     ▇ [1ms] - #7 Require(3) node_modules/egg-jsonp/config/config.default.js
                      ▇ [0ms] - #8 Require(4) node_modules/egg-onerror/config/config.default.js
                      ▇ [1ms] - #9 Require(5) node_modules/egg-i18n/config/config.default.js
                      ▇ [1ms] - #10 Require(6) node_modules/egg-watcher/config/config.default.js
                      ▇ [0ms] - #11 Require(7) node_modules/egg-schedule/config/config.default.js
                      ▇ [0ms] - #12 Require(8) node_modules/egg-multipart/config/config.default.js
                      ▇ [1ms] - #13 Require(9) node_modules/egg-development/config/config.default.js
                      ▇ [0ms] - #14 Require(10) node_modules/egg-logrotator/config/config.default.js
                      ▇ [1ms] - #15 Require(11) node_modules/egg-static/config/config.default.js
                      ▇ [3ms] - #16 Require(12) node_modules/egg-view/config/config.default.js
                      ▇ [0ms] - #17 Require(13) node_modules/egg-mysql/config/config.default.js
                      ▇ [0ms] - #18 Require(14) node_modules/egg-cors/config/config.default.js
                      ▇ [0ms] - #19 Require(15) node_modules/egg/config/config.default.js
                      ▇ [0ms] - #20 Require(16) config/config.default.js
                      ▇ [0ms] - #21 Require(17) node_modules/egg-security/config/config.local.js
                      ▇ [0ms] - #22 Require(18) node_modules/egg-watcher/config/config.local.js
                      ▇ [1ms] - #23 Require(19) node_modules/egg-view/config/config.local.js
                      ▇ [1ms] - #24 Require(20) node_modules/egg/config/config.local.js
                      ▇ [12ms] - #25 Load extend/application.js
                      ▇ [1ms] - #26 Require(21) node_modules/egg-session/app/extend/application.js
                      ▇ [2ms] - #27 Require(22) node_modules/egg-security/app/extend/application.js
                       ▇ [2ms] - #28 Require(23) node_modules/egg-jsonp/app/extend/application.js
                       ▇ [2ms] - #29 Require(24) node_modules/egg-schedule/app/extend/application.js
                       ▇ [1ms] - #30 Require(25) node_modules/egg-logrotator/app/extend/application.js
                       ▇ [1ms] - #31 Require(26) node_modules/egg-view/app/extend/application.js
                       ▇ [3ms] - #32 Load extend/request.js
                       ▇ [1ms] - #33 Require(27) node_modules/egg/app/extend/request.js
                       ▇ [5ms] - #34 Load extend/response.js
                       ▇ [2ms] - #35 Require(28) node_modules/egg/app/extend/response.js
                       ▇ [23ms] - #36 Load extend/context.js
                       ▇ [5ms] - #37 Require(29) node_modules/egg-security/app/extend/context.js
                        ▇ [1ms] - #38 Require(30) node_modules/egg-jsonp/app/extend/context.js
                        ▇ [1ms] - #39 Require(31) node_modules/egg-i18n/app/extend/context.js
                        ▇ [11ms] - #40 Require(32) node_modules/egg-multipart/app/extend/context.js
                        ▇ [0ms] - #41 Require(33) node_modules/egg-view/app/extend/context.js
                        ▇ [1ms] - #42 Require(34) node_modules/egg/app/extend/context.js
                        ▇ [23ms] - #43 Load extend/helper.js
                        ▇ [20ms] - #44 Require(35) node_modules/egg-security/app/extend/helper.js
                         ▇ [1ms] - #45 Require(36) node_modules/egg/app/extend/helper.js
                         ▇▇ [52ms] - #46 Load app.js
                         ▇ [0ms] - #47 Require(37) node_modules/egg-session/app.js
                         ▇ [1ms] - #48 Require(38) node_modules/egg-security/app.js
                          ▇ [10ms] - #49 Require(39) node_modules/egg-onerror/app.js
                          ▇ [16ms] - #50 Require(40) node_modules/egg-i18n/app.js
                           ▇ [9ms] - #51 Require(41) node_modules/egg-watcher/app.js
                           ▇ [1ms] - #52 Require(42) node_modules/egg-schedule/app.js
                           ▇ [2ms] - #53 Require(43) node_modules/egg-multipart/app.js
                           ▇ [1ms] - #54 Require(44) node_modules/egg-development/app.js
                           ▇ [1ms] - #55 Require(45) node_modules/egg-logrotator/app.js
                           ▇ [1ms] - #56 Require(46) node_modules/egg-static/app.js
                           ▇ [6ms] - #57 Require(47) node_modules/egg-mysql/app.js
                            ▇ [0ms] - #58 Require(48) node_modules/egg-cors/app.js
                            ▇ [1ms] - #59 Require(49) app.js
                            ▇▇▇▇▇▇▇▇▇▇▇▇▇▇▇▇▇▇▇▇ [442ms] - #60 Before Start in node_modules/egg-watcher/lib/init.js:15:14
                                     ▇▇▇▇▇▇▇▇▇▇▇▇ [273ms] - #61 Before Start in node_modules/egg-mysql/lib/mysql.js:14:7
                                     ▇▇▇▇▇▇▇▇▇▇▇ [245ms] - #62 Before Start in app.js:2:7
                                     ▇ [12ms] - #63 Load Service
                                     ▇ [11ms] - #64 Load "service" to Context
                                     ▇▇▇▇▇▇▇▇▇ [204ms] - #65 Load Middleware
                                     ▇▇▇▇▇▇▇▇ [187ms] - #66 Load "middlewares" to Application
                                               ▇ [2ms] - #67 Load Controller
                                               ▇ [2ms] - #68 Load "controller" to Application
                                               ▇ [6ms] - #69 Load Router
                                               ▇ [0ms] - #70 Require(50) app/router.js
                                               ▇ [24ms] - #71 Before Start in node_modules/egg-core/lib/egg.js:328:10
2025-08-27 21:06:08,750 INFO 62702 [egg:core] dump config after ready, 3ms
2025-08-27 21:12:48,455 INFO 66909 [egg:logger] init all loggers with options: {"dir":"/Users/ali/rider-collect/backend/logs/rider-collect-backend","encoding":"utf8","env":"local","level":"INFO","consoleLevel":"INFO","disableConsoleAfterReady":false,"outputJSON":false,"buffer":true,"appLogName":"rider-collect-backend-web.log","coreLogName":"egg-web.log","agentLogName":"egg-agent.log","errorLogName":"common-error.log","coreLogger":{"consoleLevel":"WARN"},"allowDebugAtProd":false,"enablePerformanceTimer":false,"enableFastContextLogger":false,"type":"application","localStorage":{"enabled":false}}
2025-08-27 21:12:48,455 INFO 66909 [egg-multipart] stream mode enable
2025-08-27 21:12:48,480 INFO 66909 [egg-mysql] connecting root@127.0.0.1:3306/rider_collect
2025-08-27 21:12:48,624 INFO 66909 [egg-static] starting static serve /public/ -> /Users/ali/rider-collect/backend/app/public
2025-08-27 21:12:48,626 INFO 66909 [egg-security] use methodnoallow middleware
2025-08-27 21:12:48,627 INFO 66909 [egg-security] use noopen middleware
2025-08-27 21:12:48,630 INFO 66909 [egg-security] use nosniff middleware
2025-08-27 21:12:48,631 INFO 66909 [egg-security] use xssProtection middleware
2025-08-27 21:12:48,632 INFO 66909 [egg-security] use xframe middleware
2025-08-27 21:12:48,632 INFO 66909 [egg-security] use dta middleware
2025-08-27 21:12:48,632 INFO 66909 [egg-security] compose 6 middlewares into one security middleware
2025-08-27 21:12:48,639 INFO 66909 [egg:core] dump config after load, 4ms
2025-08-27 21:12:48,654 INFO 66909 [egg-watcher:application] watcher start success
2025-08-27 21:12:48,663 INFO 66909 egg start timeline:
▇▇▇▇▇▇▇▇▇▇▇▇▇▇▇▇▇▇▇▇▇▇▇▇▇▇ [354ms] - #0 Process Start
                          ▇▇▇▇▇▇▇▇▇▇▇▇▇▇▇▇▇▇▇▇▇▇▇ [313ms] - #1 Application Start
                          ▇ [7ms] - #2 Load Plugin
                           ▇ [11ms] - #3 Load Config
                           ▇ [0ms] - #4 Require(0) config/config.default.js
                           ▇ [0ms] - #5 Require(1) node_modules/egg-session/config/config.default.js
                           ▇ [0ms] - #6 Require(2) node_modules/egg-security/config/config.default.js
                           ▇ [0ms] - #7 Require(3) node_modules/egg-jsonp/config/config.default.js
                           ▇ [1ms] - #8 Require(4) node_modules/egg-onerror/config/config.default.js
                           ▇ [0ms] - #9 Require(5) node_modules/egg-i18n/config/config.default.js
                           ▇ [1ms] - #10 Require(6) node_modules/egg-watcher/config/config.default.js
                           ▇ [0ms] - #11 Require(7) node_modules/egg-schedule/config/config.default.js
                           ▇ [0ms] - #12 Require(8) node_modules/egg-multipart/config/config.default.js
                           ▇ [0ms] - #13 Require(9) node_modules/egg-development/config/config.default.js
                           ▇ [0ms] - #14 Require(10) node_modules/egg-logrotator/config/config.default.js
                           ▇ [1ms] - #15 Require(11) node_modules/egg-static/config/config.default.js
                           ▇ [0ms] - #16 Require(12) node_modules/egg-view/config/config.default.js
                           ▇ [0ms] - #17 Require(13) node_modules/egg-mysql/config/config.default.js
                            ▇ [0ms] - #18 Require(14) node_modules/egg-cors/config/config.default.js
                            ▇ [0ms] - #19 Require(15) node_modules/egg/config/config.default.js
                            ▇ [0ms] - #20 Require(16) config/config.default.js
                            ▇ [1ms] - #21 Require(17) node_modules/egg-security/config/config.local.js
                            ▇ [0ms] - #22 Require(18) node_modules/egg-watcher/config/config.local.js
                            ▇ [0ms] - #23 Require(19) node_modules/egg-view/config/config.local.js
                            ▇ [0ms] - #24 Require(20) node_modules/egg/config/config.local.js
                            ▇ [11ms] - #25 Load extend/application.js
                            ▇ [1ms] - #26 Require(21) node_modules/egg-session/app/extend/application.js
                            ▇ [1ms] - #27 Require(22) node_modules/egg-security/app/extend/application.js
                            ▇ [2ms] - #28 Require(23) node_modules/egg-jsonp/app/extend/application.js
                            ▇ [2ms] - #29 Require(24) node_modules/egg-schedule/app/extend/application.js
                            ▇ [1ms] - #30 Require(25) node_modules/egg-logrotator/app/extend/application.js
                             ▇ [1ms] - #31 Require(26) node_modules/egg-view/app/extend/application.js
                             ▇ [3ms] - #32 Load extend/request.js
                             ▇ [1ms] - #33 Require(27) node_modules/egg/app/extend/request.js
                             ▇ [4ms] - #34 Load extend/response.js
                             ▇ [2ms] - #35 Require(28) node_modules/egg/app/extend/response.js
                             ▇ [15ms] - #36 Load extend/context.js
                             ▇ [4ms] - #37 Require(29) node_modules/egg-security/app/extend/context.js
                             ▇ [1ms] - #38 Require(30) node_modules/egg-jsonp/app/extend/context.js
                              ▇ [0ms] - #39 Require(31) node_modules/egg-i18n/app/extend/context.js
                              ▇ [7ms] - #40 Require(32) node_modules/egg-multipart/app/extend/context.js
                              ▇ [0ms] - #41 Require(33) node_modules/egg-view/app/extend/context.js
                              ▇ [0ms] - #42 Require(34) node_modules/egg/app/extend/context.js
                              ▇ [17ms] - #43 Load extend/helper.js
                              ▇ [15ms] - #44 Require(35) node_modules/egg-security/app/extend/helper.js
                               ▇ [0ms] - #45 Require(36) node_modules/egg/app/extend/helper.js
                                ▇▇ [31ms] - #46 Load app.js
                                ▇ [1ms] - #47 Require(37) node_modules/egg-session/app.js
                                ▇ [1ms] - #48 Require(38) node_modules/egg-security/app.js
                                ▇ [9ms] - #49 Require(39) node_modules/egg-onerror/app.js
                                ▇ [8ms] - #50 Require(40) node_modules/egg-i18n/app.js
                                 ▇ [3ms] - #51 Require(41) node_modules/egg-watcher/app.js
                                 ▇ [0ms] - #52 Require(42) node_modules/egg-schedule/app.js
                                 ▇ [1ms] - #53 Require(43) node_modules/egg-multipart/app.js
                                 ▇ [1ms] - #54 Require(44) node_modules/egg-development/app.js
                                 ▇ [0ms] - #55 Require(45) node_modules/egg-logrotator/app.js
                                 ▇ [1ms] - #56 Require(46) node_modules/egg-static/app.js
                                  ▇ [4ms] - #57 Require(47) node_modules/egg-mysql/app.js
                                  ▇ [0ms] - #58 Require(48) node_modules/egg-cors/app.js
                                  ▇ [1ms] - #59 Require(49) app.js
                                  ▇▇▇▇▇▇▇▇▇▇▇▇▇▇ [195ms] - #60 Before Start in node_modules/egg-watcher/lib/init.js:15:14
                                        ▇▇▇▇▇▇▇▇▇ [121ms] - #61 Before Start in node_modules/egg-mysql/lib/mysql.js:14:7
                                        ▇▇▇▇▇▇▇▇ [109ms] - #62 Before Start in app.js:2:7
                                        ▇ [3ms] - #63 Load Service
                                        ▇ [3ms] - #64 Load "service" to Context
                                        ▇▇▇▇▇▇▇ [96ms] - #65 Load Middleware
                                        ▇▇▇▇▇▇ [87ms] - #66 Load "middlewares" to Application
                                               ▇ [1ms] - #67 Load Controller
                                               ▇ [1ms] - #68 Load "controller" to Application
                                               ▇ [1ms] - #69 Load Router
                                               ▇ [0ms] - #70 Require(50) app/router.js
                                               ▇ [9ms] - #71 Before Start in node_modules/egg-core/lib/egg.js:328:10
2025-08-27 21:12:48,664 INFO 66909 [egg:core] dump config after ready, 5ms
2025-08-27 21:16:02,135 INFO 69501 [egg:logger] init all loggers with options: {"dir":"/Users/ali/rider-collect/backend/logs/rider-collect-backend","encoding":"utf8","env":"local","level":"INFO","consoleLevel":"INFO","disableConsoleAfterReady":false,"outputJSON":false,"buffer":true,"appLogName":"rider-collect-backend-web.log","coreLogName":"egg-web.log","agentLogName":"egg-agent.log","errorLogName":"common-error.log","coreLogger":{"consoleLevel":"WARN"},"allowDebugAtProd":false,"enablePerformanceTimer":false,"enableFastContextLogger":false,"type":"application","localStorage":{"enabled":false}}
2025-08-27 21:16:02,135 INFO 69501 [egg-multipart] stream mode enable
2025-08-27 21:16:03,049 INFO 69501 [egg-static] starting static serve /public/ -> /Users/ali/rider-collect/backend/app/public
2025-08-27 21:16:03,055 INFO 69501 [egg-security] use methodnoallow middleware
2025-08-27 21:16:03,056 INFO 69501 [egg-security] use noopen middleware
2025-08-27 21:16:03,059 INFO 69501 [egg-security] use nosniff middleware
2025-08-27 21:16:03,061 INFO 69501 [egg-security] use xssProtection middleware
2025-08-27 21:16:03,062 INFO 69501 [egg-security] use xframe middleware
2025-08-27 21:16:03,063 INFO 69501 [egg-security] use dta middleware
2025-08-27 21:16:03,064 INFO 69501 [egg-security] compose 6 middlewares into one security middleware
2025-08-27 21:16:03,140 INFO 69501 [egg:core] dump config after load, 53ms
2025-08-27 21:16:03,327 INFO 69501 [egg-watcher:application] watcher start success
2025-08-27 21:16:03,568 INFO 69501 egg start timeline:
▇▇▇▇▇▇▇▇▇▇▇▇▇▇▇ [683ms] - #0 Process Start
               ▇▇▇▇▇▇▇▇▇▇▇▇▇▇▇▇▇▇▇▇▇▇▇▇▇▇▇▇▇▇▇▇▇▇ [1579ms] - #1 Application Start
               ▇ [11ms] - #2 Load Plugin
               ▇ [16ms] - #3 Load Config
               ▇ [1ms] - #4 Require(0) config/config.default.js
               ▇ [0ms] - #5 Require(1) node_modules/egg-session/config/config.default.js
               ▇ [0ms] - #6 Require(2) node_modules/egg-security/config/config.default.js
               ▇ [0ms] - #7 Require(3) node_modules/egg-jsonp/config/config.default.js
               ▇ [0ms] - #8 Require(4) node_modules/egg-onerror/config/config.default.js
               ▇ [0ms] - #9 Require(5) node_modules/egg-i18n/config/config.default.js
               ▇ [0ms] - #10 Require(6) node_modules/egg-watcher/config/config.default.js
               ▇ [0ms] - #11 Require(7) node_modules/egg-schedule/config/config.default.js
               ▇ [0ms] - #12 Require(8) node_modules/egg-multipart/config/config.default.js
               ▇ [0ms] - #13 Require(9) node_modules/egg-development/config/config.default.js
               ▇ [1ms] - #14 Require(10) node_modules/egg-logrotator/config/config.default.js
               ▇ [0ms] - #15 Require(11) node_modules/egg-static/config/config.default.js
               ▇ [1ms] - #16 Require(12) node_modules/egg-view/config/config.default.js
               ▇ [0ms] - #17 Require(13) node_modules/egg-sequelize/config/config.default.js
               ▇ [1ms] - #18 Require(14) node_modules/egg-cors/config/config.default.js
               ▇ [1ms] - #19 Require(15) node_modules/egg/config/config.default.js
               ▇ [0ms] - #20 Require(16) config/config.default.js
               ▇ [0ms] - #21 Require(17) node_modules/egg-security/config/config.local.js
               ▇ [0ms] - #22 Require(18) node_modules/egg-watcher/config/config.local.js
               ▇ [1ms] - #23 Require(19) node_modules/egg-view/config/config.local.js
               ▇ [0ms] - #24 Require(20) node_modules/egg/config/config.local.js
               ▇ [14ms] - #25 Load extend/application.js
               ▇ [1ms] - #26 Require(21) node_modules/egg-session/app/extend/application.js
                ▇ [1ms] - #27 Require(22) node_modules/egg-security/app/extend/application.js
                ▇ [3ms] - #28 Require(23) node_modules/egg-jsonp/app/extend/application.js
                ▇ [2ms] - #29 Require(24) node_modules/egg-schedule/app/extend/application.js
                ▇ [1ms] - #30 Require(25) node_modules/egg-logrotator/app/extend/application.js
                ▇ [2ms] - #31 Require(26) node_modules/egg-view/app/extend/application.js
                ▇ [6ms] - #32 Load extend/request.js
                ▇ [1ms] - #33 Require(27) node_modules/egg/app/extend/request.js
                ▇ [4ms] - #34 Load extend/response.js
                ▇ [2ms] - #35 Require(28) node_modules/egg/app/extend/response.js
                ▇ [21ms] - #36 Load extend/context.js
                ▇ [6ms] - #37 Require(29) node_modules/egg-security/app/extend/context.js
                ▇ [1ms] - #38 Require(30) node_modules/egg-jsonp/app/extend/context.js
                ▇ [1ms] - #39 Require(31) node_modules/egg-i18n/app/extend/context.js
                ▇ [8ms] - #40 Require(32) node_modules/egg-multipart/app/extend/context.js
                ▇ [0ms] - #41 Require(33) node_modules/egg-view/app/extend/context.js
                ▇ [0ms] - #42 Require(34) node_modules/egg/app/extend/context.js
                ▇ [26ms] - #43 Load extend/helper.js
                ▇ [23ms] - #44 Require(35) node_modules/egg-security/app/extend/helper.js
                 ▇ [1ms] - #45 Require(36) node_modules/egg/app/extend/helper.js
                 ▇ [38ms] - #46 Load app.js
                 ▇ [0ms] - #47 Require(37) node_modules/egg-session/app.js
                 ▇ [1ms] - #48 Require(38) node_modules/egg-security/app.js
                 ▇ [13ms] - #49 Require(39) node_modules/egg-onerror/app.js
                 ▇ [11ms] - #50 Require(40) node_modules/egg-i18n/app.js
                  ▇ [4ms] - #51 Require(41) node_modules/egg-watcher/app.js
                  ▇ [1ms] - #52 Require(42) node_modules/egg-schedule/app.js
                  ▇ [1ms] - #53 Require(43) node_modules/egg-multipart/app.js
                  ▇ [1ms] - #54 Require(44) node_modules/egg-development/app.js
                  ▇ [1ms] - #55 Require(45) node_modules/egg-logrotator/app.js
                  ▇ [0ms] - #56 Require(46) node_modules/egg-static/app.js
                  ▇ [1ms] - #57 Require(47) node_modules/egg-sequelize/app.js
                  ▇ [1ms] - #58 Require(48) node_modules/egg-cors/app.js
                  ▇ [1ms] - #59 Require(49) app.js
                  ▇▇▇▇▇▇▇▇▇▇▇▇▇▇▇▇▇▇▇▇▇▇▇▇▇▇ [1184ms] - #60 Before Start in node_modules/egg-watcher/lib/init.js:15:14
                               ▇ [12ms] - #61 Load "Symbol(model)" to Application
                               ▇▇▇▇▇▇▇▇▇▇▇▇▇▇▇▇▇▇ [820ms] - #62 Before Start in node_modules/egg-sequelize/lib/loader.js:39:7
                               ▇▇▇▇▇▇▇▇▇▇▇ [516ms] - #63 Before Start in app.js:2:7
                               ▇ [4ms] - #64 Load Service
                               ▇ [3ms] - #65 Load "service" to Context
                               ▇▇▇▇▇▇▇ [343ms] - #66 Load Middleware
                               ▇▇▇▇▇▇▇ [319ms] - #67 Load "middlewares" to Application
                                       ▇ [3ms] - #68 Load Controller
                                       ▇ [2ms] - #69 Load "controller" to Application
                                       ▇ [6ms] - #70 Load Router
                                       ▇ [1ms] - #71 Require(50) app/router.js
                                       ▇▇▇ [163ms] - #72 Before Start in node_modules/egg-core/lib/egg.js:328:10
2025-08-27 21:16:03,569 INFO 69501 [egg:core] dump config after ready, 8ms
