2025-08-27 21:06:08,746 ERROR 62702 [-/127.0.0.1/-/1ms GET /] nodejs.ER_NOT_SUPPORTED_AUTH_MODEError: ER_NOT_SUPPORTED_AUTH_MODE: Client does not support authentication protocol requested by server; consider upgrading MySQL client
    at Sequence._packetToError (/Users/ali/rider-collect/backend/node_modules/mysql/lib/protocol/sequences/Sequence.js:47:14)
    at Handshake.ErrorPacket (/Users/ali/rider-collect/backend/node_modules/mysql/lib/protocol/sequences/Handshake.js:123:18)
    at Protocol._parsePacket (/Users/ali/rider-collect/backend/node_modules/mysql/lib/protocol/Protocol.js:291:23)
    at Parser._parsePacket (/Users/ali/rider-collect/backend/node_modules/mysql/lib/protocol/Parser.js:433:10)
    at Parser.write (/Users/ali/rider-collect/backend/node_modules/mysql/lib/protocol/Parser.js:43:10)
    at Protocol.write (/Users/ali/rider-collect/backend/node_modules/mysql/lib/protocol/Protocol.js:38:16)
    at Socket.<anonymous> (/Users/ali/rider-collect/backend/node_modules/mysql/lib/Connection.js:88:28)
    at Socket.<anonymous> (/Users/ali/rider-collect/backend/node_modules/mysql/lib/Connection.js:526:10)
    at Socket.emit (node:events:518:28)
    at addChunk (node:internal/streams/readable:561:12)
    --------------------
    at Protocol._enqueue (/Users/ali/rider-collect/backend/node_modules/mysql/lib/protocol/Protocol.js:144:48)
    at Protocol.handshake (/Users/ali/rider-collect/backend/node_modules/mysql/lib/protocol/Protocol.js:51:23)
    at PoolConnection.connect (/Users/ali/rider-collect/backend/node_modules/mysql/lib/Connection.js:116:18)
    at Pool.getConnection (/Users/ali/rider-collect/backend/node_modules/mysql/lib/Pool.js:48:16)
    at node:internal/util:456:21
    at new Promise (<anonymous>)
    at Pool.getConnection (node:internal/util:442:12)
    at Pool.query (/Users/ali/rider-collect/backend/node_modules/mysql/lib/Pool.js:202:8)
    at node:internal/util:456:21
    at new Promise (<anonymous>)
    sql: select now() as currentTime;
code: "ER_NOT_SUPPORTED_AUTH_MODE"
errno: 1251
sqlMessage: "Client does not support authentication protocol requested by server; consider upgrading MySQL client"
sqlState: "08004"
fatal: true
pid: 62702
hostname: alideMacBook-Pro.local

2025-08-27 21:12:48,657 ERROR 66909 [-/127.0.0.1/-/0ms GET /] nodejs.ER_NOT_SUPPORTED_AUTH_MODEError: ER_NOT_SUPPORTED_AUTH_MODE: Client does not support authentication protocol requested by server; consider upgrading MySQL client
    at Sequence._packetToError (/Users/ali/rider-collect/backend/node_modules/mysql/lib/protocol/sequences/Sequence.js:47:14)
    at Handshake.ErrorPacket (/Users/ali/rider-collect/backend/node_modules/mysql/lib/protocol/sequences/Handshake.js:123:18)
    at Protocol._parsePacket (/Users/ali/rider-collect/backend/node_modules/mysql/lib/protocol/Protocol.js:291:23)
    at Parser._parsePacket (/Users/ali/rider-collect/backend/node_modules/mysql/lib/protocol/Parser.js:433:10)
    at Parser.write (/Users/ali/rider-collect/backend/node_modules/mysql/lib/protocol/Parser.js:43:10)
    at Protocol.write (/Users/ali/rider-collect/backend/node_modules/mysql/lib/protocol/Protocol.js:38:16)
    at Socket.<anonymous> (/Users/ali/rider-collect/backend/node_modules/mysql/lib/Connection.js:88:28)
    at Socket.<anonymous> (/Users/ali/rider-collect/backend/node_modules/mysql/lib/Connection.js:526:10)
    at Socket.emit (node:events:518:28)
    at addChunk (node:internal/streams/readable:561:12)
    --------------------
    at Protocol._enqueue (/Users/ali/rider-collect/backend/node_modules/mysql/lib/protocol/Protocol.js:144:48)
    at Protocol.handshake (/Users/ali/rider-collect/backend/node_modules/mysql/lib/protocol/Protocol.js:51:23)
    at PoolConnection.connect (/Users/ali/rider-collect/backend/node_modules/mysql/lib/Connection.js:116:18)
    at Pool.getConnection (/Users/ali/rider-collect/backend/node_modules/mysql/lib/Pool.js:48:16)
    at node:internal/util:456:21
    at new Promise (<anonymous>)
    at Pool.getConnection (node:internal/util:442:12)
    at Pool.query (/Users/ali/rider-collect/backend/node_modules/mysql/lib/Pool.js:202:8)
    at node:internal/util:456:21
    at new Promise (<anonymous>)
    sql: select now() as currentTime;
code: "ER_NOT_SUPPORTED_AUTH_MODE"
errno: 1251
sqlMessage: "Client does not support authentication protocol requested by server; consider upgrading MySQL client"
sqlState: "08004"
fatal: true
pid: 66909
hostname: alideMacBook-Pro.local

2025-08-27 21:16:03,540 INFO 69501 [egg-sequelize](1ms) Executed (default): SELECT 1+1 AS result
